<?xml version="1.0" encoding="UTF-8"?>
<testsuite xmlns:xsi="http://www.w3.org/2001/XMLSchema-instance" xsi:noNamespaceSchemaLocation="https://maven.apache.org/surefire/maven-surefire-plugin/xsd/surefire-test-report.xsd" name="com.tripmanager.TripControllerTest" time="5.751" tests="5" errors="2" skipped="0" failures="3">
  <properties>
[...]
</properties>
  <testcase name="getTrip_userTripIsClicked_tripIsFound" classname="com.tripmanager.TripControllerTest" time="0.182">
    <failure message="Status expected:&lt;200&gt; but was:&lt;401&gt;" type="java.lang.AssertionError"><![CDATA[java.lang.AssertionError: Status expected:<200> but was:<401>
	at com.tripmanager.TripControllerTest.getTrip_userTripIsClicked_tripIsFound(TripControllerTest.java:62)
]]></failure>
    <system-out><![CDATA[12:22:33.717 [main] DEBUG org.springframework.test.context.BootstrapUtils - Instantiating CacheAwareContextLoaderDelegate from class [org.springframework.test.context.cache.DefaultCacheAwareContextLoaderDelegate]
12:22:33.747 [main] DEBUG org.springframework.test.context.BootstrapUtils - Instantiating BootstrapContext using constructor [public org.springframework.test.context.support.DefaultBootstrapContext(java.lang.Class,org.springframework.test.context.CacheAwareContextLoaderDelegate)]
12:22:33.797 [main] DEBUG org.springframework.test.context.BootstrapUtils - Instantiating TestContextBootstrapper for test class [com.tripmanager.TripControllerTest] from class [org.springframework.boot.test.autoconfigure.web.servlet.WebMvcTestContextBootstrapper]
12:22:33.913 [main] INFO org.springframework.boot.test.autoconfigure.web.servlet.WebMvcTestContextBootstrapper - Neither @ContextConfiguration nor @ContextHierarchy found for test class [com.tripmanager.TripControllerTest], using SpringBootContextLoader
12:22:33.921 [main] DEBUG org.springframework.test.context.support.AbstractContextLoader - Did not detect default resource location for test class [com.tripmanager.TripControllerTest]: class path resource [com/tripmanager/TripControllerTest-context.xml] does not exist
12:22:33.922 [main] DEBUG org.springframework.test.context.support.AbstractContextLoader - Did not detect default resource location for test class [com.tripmanager.TripControllerTest]: class path resource [com/tripmanager/TripControllerTestContext.groovy] does not exist
12:22:33.922 [main] INFO org.springframework.test.context.support.AbstractContextLoader - Could not detect default resource locations for test class [com.tripmanager.TripControllerTest]: no resource found for suffixes {-context.xml, Context.groovy}.
12:22:33.923 [main] INFO org.springframework.test.context.support.AnnotationConfigContextLoaderUtils - Could not detect default configuration classes for test class [com.tripmanager.TripControllerTest]: TripControllerTest does not declare any static, non-private, non-final, nested classes annotated with @Configuration.
12:22:34.095 [main] DEBUG org.springframework.test.context.support.ActiveProfilesUtils - Could not find an 'annotation declaring class' for annotation type [org.springframework.test.context.ActiveProfiles] and class [com.tripmanager.TripControllerTest]
12:22:34.191 [main] DEBUG org.springframework.context.annotation.ClassPathScanningCandidateComponentProvider - Identified candidate component class: file [C:\Users\batav\eclipse-workspace\TripManager\target\classes\com\tripmanager\TripManagerApplication.class]
12:22:34.194 [main] INFO org.springframework.boot.test.context.SpringBootTestContextBootstrapper - Found @SpringBootConfiguration com.tripmanager.TripManagerApplication for test class com.tripmanager.TripControllerTest
12:22:34.195 [main] DEBUG org.springframework.boot.test.autoconfigure.web.servlet.WebMvcTestContextBootstrapper - @TestExecutionListeners is not present for class [com.tripmanager.TripControllerTest]: using defaults.
12:22:34.196 [main] INFO org.springframework.boot.test.autoconfigure.web.servlet.WebMvcTestContextBootstrapper - Loaded default TestExecutionListener class names from location [META-INF/spring.factories]: [org.springframework.boot.test.mock.mockito.MockitoTestExecutionListener, org.springframework.boot.test.mock.mockito.ResetMocksTestExecutionListener, org.springframework.boot.test.autoconfigure.restdocs.RestDocsTestExecutionListener, org.springframework.boot.test.autoconfigure.web.client.MockRestServiceServerResetTestExecutionListener, org.springframework.boot.test.autoconfigure.web.servlet.MockMvcPrintOnlyOnFailureTestExecutionListener, org.springframework.boot.test.autoconfigure.web.servlet.WebDriverTestExecutionListener, org.springframework.test.context.web.ServletTestExecutionListener, org.springframework.test.context.support.DirtiesContextBeforeModesTestExecutionListener, org.springframework.test.context.support.DependencyInjectionTestExecutionListener, org.springframework.test.context.support.DirtiesContextTestExecutionListener, org.springframework.test.context.transaction.TransactionalTestExecutionListener, org.springframework.test.context.jdbc.SqlScriptsTestExecutionListener, org.springframework.test.context.event.EventPublishingTestExecutionListener]
12:22:34.216 [main] INFO org.springframework.boot.test.autoconfigure.web.servlet.WebMvcTestContextBootstrapper - Using TestExecutionListeners: [org.springframework.test.context.web.ServletTestExecutionListener@135606db, org.springframework.test.context.support.DirtiesContextBeforeModesTestExecutionListener@518caac3, org.springframework.boot.test.mock.mockito.MockitoTestExecutionListener@68034211, org.springframework.boot.test.autoconfigure.SpringBootDependencyInjectionTestExecutionListener@4f74980d, org.springframework.test.context.support.DirtiesContextTestExecutionListener@6c372fe6, org.springframework.test.context.transaction.TransactionalTestExecutionListener@58594a11, org.springframework.test.context.jdbc.SqlScriptsTestExecutionListener@2a3888c1, org.springframework.test.context.event.EventPublishingTestExecutionListener@4167d97b, org.springframework.boot.test.mock.mockito.ResetMocksTestExecutionListener@14fa86ae, org.springframework.boot.test.autoconfigure.restdocs.RestDocsTestExecutionListener@6e15fe2, org.springframework.boot.test.autoconfigure.web.client.MockRestServiceServerResetTestExecutionListener@68f1b17f, org.springframework.boot.test.autoconfigure.web.servlet.MockMvcPrintOnlyOnFailureTestExecutionListener@1722011b, org.springframework.boot.test.autoconfigure.web.servlet.WebDriverTestExecutionListener@57ad2aa7]
12:22:34.220 [main] DEBUG org.springframework.test.context.support.AbstractDirtiesContextTestExecutionListener - Before test class: context [DefaultTestContext@490caf5f testClass = TripControllerTest, testInstance = [null], testMethod = [null], testException = [null], mergedContextConfiguration = [WebMergedContextConfiguration@6337c201 testClass = TripControllerTest, locations = '{}', classes = '{class com.tripmanager.TripManagerApplication}', contextInitializerClasses = '[]', activeProfiles = '{}', propertySourceLocations = '{}', propertySourceProperties = '{org.springframework.boot.test.autoconfigure.web.servlet.WebMvcTestContextBootstrapper=true}', contextCustomizers = set[[ImportsContextCustomizer@5c669da8 key = [org.springframework.boot.autoconfigure.cache.CacheAutoConfiguration, org.springframework.boot.autoconfigure.context.MessageSourceAutoConfiguration, org.springframework.boot.autoconfigure.data.web.SpringDataWebAutoConfiguration, org.springframework.boot.autoconfigure.freemarker.FreeMarkerAutoConfiguration, org.springframework.boot.autoconfigure.groovy.template.GroovyTemplateAutoConfiguration, org.springframework.boot.autoconfigure.gson.GsonAutoConfiguration, org.springframework.boot.autoconfigure.hateoas.HypermediaAutoConfiguration, org.springframework.boot.autoconfigure.http.HttpMessageConvertersAutoConfiguration, org.springframework.boot.autoconfigure.jackson.JacksonAutoConfiguration, org.springframework.boot.autoconfigure.jsonb.JsonbAutoConfiguration, org.springframework.boot.autoconfigure.mustache.MustacheAutoConfiguration, org.springframework.boot.autoconfigure.task.TaskExecutionAutoConfiguration, org.springframework.boot.autoconfigure.thymeleaf.ThymeleafAutoConfiguration, org.springframework.boot.autoconfigure.validation.ValidationAutoConfiguration, org.springframework.boot.autoconfigure.web.servlet.error.ErrorMvcAutoConfiguration, org.springframework.boot.autoconfigure.web.servlet.WebMvcAutoConfiguration, org.springframework.boot.test.autoconfigure.web.servlet.MockMvcAutoConfiguration, org.springframework.boot.test.autoconfigure.web.servlet.MockMvcWebClientAutoConfiguration, org.springframework.boot.test.autoconfigure.web.servlet.MockMvcWebDriverAutoConfiguration, org.springframework.boot.autoconfigure.security.servlet.SecurityAutoConfiguration, org.springframework.boot.autoconfigure.security.servlet.UserDetailsServiceAutoConfiguration, org.springframework.boot.test.autoconfigure.web.servlet.MockMvcSecurityConfiguration]], org.springframework.boot.test.context.filter.ExcludeFilterContextCustomizer@7d0b7e3c, org.springframework.boot.test.json.DuplicateJsonObjectContextCustomizerFactory$DuplicateJsonObjectContextCustomizer@2eae8e6e, org.springframework.boot.test.mock.mockito.MockitoContextCustomizer@c59d1324, org.springframework.boot.test.autoconfigure.OverrideAutoConfigurationContextCustomizerFactory$DisableAutoConfigurationContextCustomizer@4c60d6e9, org.springframework.boot.test.autoconfigure.filter.TypeExcludeFiltersContextCustomizer@1ff17ea5, org.springframework.boot.test.autoconfigure.properties.PropertyMappingContextCustomizer@e52980, org.springframework.boot.test.autoconfigure.web.servlet.WebDriverContextCustomizerFactory$Customizer@65987993], resourceBasePath = 'src/main/webapp', contextLoader = 'org.springframework.boot.test.context.SpringBootContextLoader', parent = [null]], attributes = map[[empty]]], class annotated with @DirtiesContext [false] with mode [null].
12:22:34.416 [main] DEBUG org.springframework.test.context.support.TestPropertySourceUtils - Adding inlined properties to environment: {spring.jmx.enabled=false, org.springframework.boot.test.autoconfigure.web.servlet.WebMvcTestContextBootstrapper=true, server.port=-1}

  .   ____          _            __ _ _
 /\\ / ___'_ __ _ _(_)_ __  __ _ \ \ \ \
( ( )\___ | '_ | '_| | '_ \/ _` | \ \ \ \
 \\/  ___)| |_)| | | | | || (_| |  ) ) ) )
  '  |____| .__|_| |_|_| |_\__, | / / / /
 =========|_|==============|___/=/_/_/_/
 :: Spring Boot ::        (v2.2.1.RELEASE)

2020-02-23 12:22:35.289  INFO 21508 --- [           main] com.tripmanager.TripControllerTest       : Starting TripControllerTest on LAPTOP-DP7BP9GP with PID 21508 (started by batav in C:\Users\batav\eclipse-workspace\TripManager)
2020-02-23 12:22:35.294  INFO 21508 --- [           main] com.tripmanager.TripControllerTest       : No active profile set, falling back to default profiles: default
2020-02-23 12:22:37.891  INFO 21508 --- [           main] o.s.s.concurrent.ThreadPoolTaskExecutor  : Initializing ExecutorService 'applicationTaskExecutor'
2020-02-23 12:22:38.707  INFO 21508 --- [           main] .s.s.UserDetailsServiceAutoConfiguration : 

Using generated security password: 3132f635-97ee-49b0-beeb-6495982b7af8

2020-02-23 12:22:38.957  INFO 21508 --- [           main] o.s.s.web.DefaultSecurityFilterChain     : Creating filter chain: any request, [org.springframework.security.web.context.request.async.WebAsyncManagerIntegrationFilter@409732fb, org.springframework.security.web.context.SecurityContextPersistenceFilter@6f15f52a, org.springframework.security.web.header.HeaderWriterFilter@7ac058a0, org.springframework.security.web.csrf.CsrfFilter@2315052d, org.springframework.security.web.authentication.logout.LogoutFilter@7767bd4e, org.springframework.security.web.authentication.UsernamePasswordAuthenticationFilter@74fb5b59, org.springframework.security.web.authentication.ui.DefaultLoginPageGeneratingFilter@65bd19bf, org.springframework.security.web.authentication.ui.DefaultLogoutPageGeneratingFilter@73d62b5, org.springframework.security.web.authentication.www.BasicAuthenticationFilter@20a3e10c, org.springframework.security.web.savedrequest.RequestCacheAwareFilter@38811103, org.springframework.security.web.servletapi.SecurityContextHolderAwareRequestFilter@36510e73, org.springframework.security.web.authentication.AnonymousAuthenticationFilter@5e99e2cb, org.springframework.security.web.session.SessionManagementFilter@49754e74, org.springframework.security.web.access.ExceptionTranslationFilter@4b93dd6a, org.springframework.security.web.access.intercept.FilterSecurityInterceptor@19002b34]
2020-02-23 12:22:39.013  INFO 21508 --- [           main] o.s.b.t.m.w.SpringBootMockServletContext : Initializing Spring TestDispatcherServlet ''
2020-02-23 12:22:39.014  INFO 21508 --- [           main] o.s.t.web.servlet.TestDispatcherServlet  : Initializing Servlet ''
2020-02-23 12:22:39.035  INFO 21508 --- [           main] o.s.t.web.servlet.TestDispatcherServlet  : Completed initialization in 21 ms
2020-02-23 12:22:39.092  INFO 21508 --- [           main] com.tripmanager.TripControllerTest       : Started TripControllerTest in 4.65 seconds (JVM running for 7.124)

MockHttpServletRequest:
      HTTP Method = GET
      Request URI = /dashboard/California
       Parameters = {}
          Headers = []
             Body = <no character encoding set>
    Session Attrs = {SPRING_SECURITY_SAVED_REQUEST=DefaultSavedRequest[http://localhost/dashboard/California]}

Handler:
             Type = null

Async:
    Async started = false
     Async result = null

Resolved Exception:
             Type = null

ModelAndView:
        View name = null
             View = null
            Model = null

FlashMap:
       Attributes = null

MockHttpServletResponse:
           Status = 401
    Error message = Unauthorized
          Headers = [WWW-Authenticate:"Basic realm="Realm"", X-Content-Type-Options:"nosniff", X-XSS-Protection:"1; mode=block", Cache-Control:"no-cache, no-store, max-age=0, must-revalidate", Pragma:"no-cache", Expires:"0", X-Frame-Options:"DENY"]
     Content type = null
             Body = 
    Forwarded URL = null
   Redirected URL = null
          Cookies = []
]]></system-out>
  </testcase>
  <testcase name="getTrip_userTripIsClicked_tripIsNotFound" classname="com.tripmanager.TripControllerTest" time="0.012">
    <failure message="Status expected:&lt;404&gt; but was:&lt;401&gt;" type="java.lang.AssertionError"><![CDATA[java.lang.AssertionError: Status expected:<404> but was:<401>
	at com.tripmanager.TripControllerTest.getTrip_userTripIsClicked_tripIsNotFound(TripControllerTest.java:71)
]]></failure>
    <system-out><![CDATA[
MockHttpServletRequest:
      HTTP Method = GET
      Request URI = /dashboard/California
       Parameters = {}
          Headers = []
             Body = <no character encoding set>
    Session Attrs = {SPRING_SECURITY_SAVED_REQUEST=DefaultSavedRequest[http://localhost/dashboard/California]}

Handler:
             Type = null

Async:
    Async started = false
     Async result = null

Resolved Exception:
             Type = null

ModelAndView:
        View name = null
             View = null
            Model = null

FlashMap:
       Attributes = null

MockHttpServletResponse:
           Status = 401
    Error message = Unauthorized
          Headers = [WWW-Authenticate:"Basic realm="Realm"", X-Content-Type-Options:"nosniff", X-XSS-Protection:"1; mode=block", Cache-Control:"no-cache, no-store, max-age=0, must-revalidate", Pragma:"no-cache", Expires:"0", X-Frame-Options:"DENY"]
     Content type = null
             Body = 
    Forwarded URL = null
   Redirected URL = null
          Cookies = []
]]></system-out>
  </testcase>
  <testcase name="getAllTrips_userTripsIsDisplayed_returnAllTrips" classname="com.tripmanager.TripControllerTest" time="0.01">
    <failure message="Status expected:&lt;200&gt; but was:&lt;401&gt;" type="java.lang.AssertionError"><![CDATA[java.lang.AssertionError: Status expected:<200> but was:<401>
	at com.tripmanager.TripControllerTest.getAllTrips_userTripsIsDisplayed_returnAllTrips(TripControllerTest.java:51)
]]></failure>
    <system-out><![CDATA[
MockHttpServletRequest:
      HTTP Method = GET
      Request URI = /dashboard
       Parameters = {}
          Headers = []
             Body = <no character encoding set>
    Session Attrs = {SPRING_SECURITY_SAVED_REQUEST=DefaultSavedRequest[http://localhost/dashboard]}

Handler:
             Type = null

Async:
    Async started = false
     Async result = null

Resolved Exception:
             Type = null

ModelAndView:
        View name = null
             View = null
            Model = null

FlashMap:
       Attributes = null

MockHttpServletResponse:
           Status = 401
    Error message = Unauthorized
          Headers = [WWW-Authenticate:"Basic realm="Realm"", X-Content-Type-Options:"nosniff", X-XSS-Protection:"1; mode=block", Cache-Control:"no-cache, no-store, max-age=0, must-revalidate", Pragma:"no-cache", Expires:"0", X-Frame-Options:"DENY"]
     Content type = null
             Body = 
    Forwarded URL = null
   Redirected URL = null
          Cookies = []
]]></system-out>
  </testcase>
  <testcase name="addTrip_userPutsTripInfo_tripIsAdded" classname="com.tripmanager.TripControllerTest" time="0.004">
    <error message="Unresolved compilation problem: &#10;	The method save(Trip) is undefined for the type TripService&#10;" type="java.lang.Error">java.lang.Error: 
Unresolved compilation problem: 
	The method save(Trip) is undefined for the type TripService

	at com.tripmanager.TripControllerTest.addTrip_userPutsTripInfo_tripIsAdded(TripControllerTest.java:77)
</error>
  </testcase>
  <testcase name="updateTrip_userChoosesTrip_tripIsAdded" classname="com.tripmanager.TripControllerTest" time="0.004">
    <error message="Unresolved compilation problem: &#10;	The method save(Trip) is undefined for the type TripService&#10;" type="java.lang.Error">java.lang.Error: 
Unresolved compilation problem: 
	The method save(Trip) is undefined for the type TripService

	at com.tripmanager.TripControllerTest.updateTrip_userChoosesTrip_tripIsAdded(TripControllerTest.java:86)
</error>
  </testcase>
</testsuite>