<?xml version="1.0" encoding="UTF-8"?>
<testsuite xmlns:xsi="http://www.w3.org/2001/XMLSchema-instance" xsi:noNamespaceSchemaLocation="https://maven.apache.org/surefire/maven-surefire-plugin/xsd/surefire-test-report.xsd" name="com.tripmanager.TripTest" time="3.199" tests="1" errors="1" skipped="0" failures="0">
  <properties>
[...]
</properties>
  <testcase name="getTrip_tripIsSelected" classname="com.tripmanager.TripTest" time="0.003">
    <error message="Unresolved compilation problem: &#10;	Syntax error, insert &quot;;&quot; to complete BlockStatements&#10;" type="java.lang.Error">java.lang.Error: 
Unresolved compilation problem: 
	Syntax error, insert ";" to complete BlockStatements

	at com.tripmanager.TripTest.getTrip_tripIsSelected(TripTest.java:30)
</error>
    <system-out><![CDATA[2020-02-23 12:22:46.748  INFO 21508 --- [           main] .b.t.c.SpringBootTestContextBootstrapper : Neither @ContextConfiguration nor @ContextHierarchy found for test class [com.tripmanager.TripTest], using SpringBootContextLoader
2020-02-23 12:22:46.750  INFO 21508 --- [           main] o.s.t.c.support.AbstractContextLoader    : Could not detect default resource locations for test class [com.tripmanager.TripTest]: no resource found for suffixes {-context.xml, Context.groovy}.
2020-02-23 12:22:46.750  INFO 21508 --- [           main] t.c.s.AnnotationConfigContextLoaderUtils : Could not detect default configuration classes for test class [com.tripmanager.TripTest]: TripTest does not declare any static, non-private, non-final, nested classes annotated with @Configuration.
2020-02-23 12:22:46.753  INFO 21508 --- [           main] .b.t.c.SpringBootTestContextBootstrapper : Found @SpringBootConfiguration com.tripmanager.TripManagerApplication for test class com.tripmanager.TripTest
2020-02-23 12:22:46.755  INFO 21508 --- [           main] .b.t.c.SpringBootTestContextBootstrapper : Loaded default TestExecutionListener class names from location [META-INF/spring.factories]: [org.springframework.boot.test.mock.mockito.MockitoTestExecutionListener, org.springframework.boot.test.mock.mockito.ResetMocksTestExecutionListener, org.springframework.boot.test.autoconfigure.restdocs.RestDocsTestExecutionListener, org.springframework.boot.test.autoconfigure.web.client.MockRestServiceServerResetTestExecutionListener, org.springframework.boot.test.autoconfigure.web.servlet.MockMvcPrintOnlyOnFailureTestExecutionListener, org.springframework.boot.test.autoconfigure.web.servlet.WebDriverTestExecutionListener, org.springframework.test.context.web.ServletTestExecutionListener, org.springframework.test.context.support.DirtiesContextBeforeModesTestExecutionListener, org.springframework.test.context.support.DependencyInjectionTestExecutionListener, org.springframework.test.context.support.DirtiesContextTestExecutionListener, org.springframework.test.context.transaction.TransactionalTestExecutionListener, org.springframework.test.context.jdbc.SqlScriptsTestExecutionListener, org.springframework.test.context.event.EventPublishingTestExecutionListener]
2020-02-23 12:22:46.755  INFO 21508 --- [           main] .b.t.c.SpringBootTestContextBootstrapper : Using TestExecutionListeners: [org.springframework.test.context.web.ServletTestExecutionListener@4a6d6308, org.springframework.test.context.support.DirtiesContextBeforeModesTestExecutionListener@773cc551, org.springframework.boot.test.mock.mockito.MockitoTestExecutionListener@5cbaafbd, org.springframework.boot.test.autoconfigure.SpringBootDependencyInjectionTestExecutionListener@4f0f56f5, org.springframework.test.context.support.DirtiesContextTestExecutionListener@6edb093f, org.springframework.test.context.transaction.TransactionalTestExecutionListener@7f5c4ff8, org.springframework.test.context.jdbc.SqlScriptsTestExecutionListener@7692c0e9, org.springframework.test.context.event.EventPublishingTestExecutionListener@431f8830, org.springframework.boot.test.mock.mockito.ResetMocksTestExecutionListener@75bbe39d, org.springframework.boot.test.autoconfigure.restdocs.RestDocsTestExecutionListener@6805415d, org.springframework.boot.test.autoconfigure.web.client.MockRestServiceServerResetTestExecutionListener@870413c, org.springframework.boot.test.autoconfigure.web.servlet.MockMvcPrintOnlyOnFailureTestExecutionListener@3791160a, org.springframework.boot.test.autoconfigure.web.servlet.WebDriverTestExecutionListener@1d9cac6e]

  .   ____          _            __ _ _
 /\\ / ___'_ __ _ _(_)_ __  __ _ \ \ \ \
( ( )\___ | '_ | '_| | '_ \/ _` | \ \ \ \
 \\/  ___)| |_)| | | | | || (_| |  ) ) ) )
  '  |____| .__|_| |_|_| |_\__, | / / / /
 =========|_|==============|___/=/_/_/_/
 :: Spring Boot ::        (v2.2.1.RELEASE)

2020-02-23 12:22:46.811  INFO 21508 --- [           main] com.tripmanager.TripTest                 : Starting TripTest on LAPTOP-DP7BP9GP with PID 21508 (started by batav in C:\Users\batav\eclipse-workspace\TripManager)
2020-02-23 12:22:46.812  INFO 21508 --- [           main] com.tripmanager.TripTest                 : No active profile set, falling back to default profiles: default
2020-02-23 12:22:47.043  INFO 21508 --- [           main] .s.d.r.c.RepositoryConfigurationDelegate : Bootstrapping Spring Data repositories in DEFAULT mode.
2020-02-23 12:22:47.060  INFO 21508 --- [           main] .s.d.r.c.RepositoryConfigurationDelegate : Finished Spring Data repository scanning in 16ms. Found 2 repository interfaces.
2020-02-23 12:22:47.178  INFO 21508 --- [           main] trationDelegate$BeanPostProcessorChecker : Bean 'org.springframework.transaction.annotation.ProxyTransactionManagementConfiguration' of type [org.springframework.transaction.annotation.ProxyTransactionManagementConfiguration] is not eligible for getting processed by all BeanPostProcessors (for example: not eligible for auto-proxying)
2020-02-23 12:22:47.558  INFO 21508 --- [           main] o.s.b.w.embedded.tomcat.TomcatWebServer  : Tomcat initialized with port(s): 0 (http)
2020-02-23 12:22:47.583  INFO 21508 --- [           main] o.apache.catalina.core.StandardService   : Starting service [Tomcat]
2020-02-23 12:22:47.584  INFO 21508 --- [           main] org.apache.catalina.core.StandardEngine  : Starting Servlet engine: [Apache Tomcat/9.0.27]
2020-02-23 12:22:48.044  INFO 21508 --- [           main] org.apache.jasper.servlet.TldScanner     : At least one JAR was scanned for TLDs yet contained no TLDs. Enable debug logging for this logger for a complete list of JARs that were scanned but no TLDs were found in them. Skipping unneeded JARs during scanning can improve startup time and JSP compilation time.
2020-02-23 12:22:48.049  INFO 21508 --- [           main] o.a.c.c.C.[Tomcat].[localhost].[/]       : Initializing Spring embedded WebApplicationContext
2020-02-23 12:22:48.049  INFO 21508 --- [           main] o.s.web.context.ContextLoader            : Root WebApplicationContext: initialization completed in 1233 ms
2020-02-23 12:22:48.313  INFO 21508 --- [           main] o.hibernate.jpa.internal.util.LogHelper  : HHH000204: Processing PersistenceUnitInfo [name: default]
2020-02-23 12:22:48.323  INFO 21508 --- [           main] com.zaxxer.hikari.HikariDataSource       : HikariPool-2 - Starting...
2020-02-23 12:22:48.508  INFO 21508 --- [           main] com.zaxxer.hikari.HikariDataSource       : HikariPool-2 - Start completed.
2020-02-23 12:22:48.508  INFO 21508 --- [           main] org.hibernate.dialect.Dialect            : HHH000400: Using dialect: org.hibernate.dialect.MySQL8Dialect
2020-02-23 12:22:48.723  INFO 21508 --- [           main] o.h.e.t.j.p.i.JtaPlatformInitiator       : HHH000490: Using JtaPlatform implementation: [org.hibernate.engine.transaction.jta.platform.internal.NoJtaPlatform]
2020-02-23 12:22:48.724  INFO 21508 --- [           main] j.LocalContainerEntityManagerFactoryBean : Initialized JPA EntityManagerFactory for persistence unit 'default'
2020-02-23 12:22:48.858  WARN 21508 --- [           main] JpaBaseConfiguration$JpaWebConfiguration : spring.jpa.open-in-view is enabled by default. Therefore, database queries may be performed during view rendering. Explicitly configure spring.jpa.open-in-view to disable this warning
2020-02-23 12:22:49.012  INFO 21508 --- [           main] o.s.s.concurrent.ThreadPoolTaskExecutor  : Initializing ExecutorService 'applicationTaskExecutor'
2020-02-23 12:22:49.404  INFO 21508 --- [           main] .s.s.UserDetailsServiceAutoConfiguration : 

Using generated security password: 427f1d00-83a7-4da3-b43c-dc59c0140124

2020-02-23 12:22:49.510  INFO 21508 --- [           main] o.s.s.web.DefaultSecurityFilterChain     : Creating filter chain: any request, [org.springframework.security.web.context.request.async.WebAsyncManagerIntegrationFilter@301434fb, org.springframework.security.web.context.SecurityContextPersistenceFilter@3fae1ec9, org.springframework.security.web.header.HeaderWriterFilter@346e76ad, org.springframework.security.web.csrf.CsrfFilter@5d04adc1, org.springframework.security.web.authentication.logout.LogoutFilter@56a63c28, org.springframework.security.web.authentication.UsernamePasswordAuthenticationFilter@14997cb9, org.springframework.security.web.authentication.ui.DefaultLoginPageGeneratingFilter@555454c7, org.springframework.security.web.authentication.ui.DefaultLogoutPageGeneratingFilter@1641dfb3, org.springframework.security.web.authentication.www.BasicAuthenticationFilter@701153c1, org.springframework.security.web.savedrequest.RequestCacheAwareFilter@331fe6d4, org.springframework.security.web.servletapi.SecurityContextHolderAwareRequestFilter@74832504, org.springframework.security.web.authentication.AnonymousAuthenticationFilter@49620576, org.springframework.security.web.session.SessionManagementFilter@47bcd95a, org.springframework.security.web.access.ExceptionTranslationFilter@4c2812aa, org.springframework.security.web.access.intercept.FilterSecurityInterceptor@2b01be54]
2020-02-23 12:22:49.983  INFO 21508 --- [           main] o.s.b.w.embedded.tomcat.TomcatWebServer  : Tomcat started on port(s): 50487 (http) with context path ''
2020-02-23 12:22:49.984  INFO 21508 --- [           main] com.tripmanager.TripTest                 : Started TripTest in 3.225 seconds (JVM running for 18.016)
]]></system-out>
  </testcase>
</testsuite>